[debug] [2022-04-29T20:37:09.215Z] ----------------------------------------------------------------------
[debug] [2022-04-29T20:37:09.217Z] Command:       C:\Program Files\nodejs\node.exe C:\Users\Joaquin\AppData\Roaming\npm\node_modules\firebase-tools\lib\bin\firebase.js init
[debug] [2022-04-29T20:37:09.218Z] CLI Version:   10.7.2
[debug] [2022-04-29T20:37:09.218Z] Platform:      win32
[debug] [2022-04-29T20:37:09.218Z] Node Version:  v16.14.0
[debug] [2022-04-29T20:37:09.220Z] Time:          Fri Apr 29 2022 17:37:09 GMT-0300 (hora estándar de Argentina)
[debug] [2022-04-29T20:37:09.220Z] ----------------------------------------------------------------------
[debug] 
[debug] [2022-04-29T20:37:09.224Z] >>> [apiv2][query] GET https://firebase-public.firebaseio.com/cli.json [none]
[debug] [2022-04-29T20:37:09.251Z] > command requires scopes: ["email","openid","https://www.googleapis.com/auth/cloudplatformprojects.readonly","https://www.googleapis.com/auth/firebase","https://www.googleapis.com/auth/cloud-platform"]
[debug] [2022-04-29T20:37:09.251Z] > authorizing via signed-in user (delvaljoaquin@gmail.com)
[info] 
     ######## #### ########  ######## ########     ###     ######  ########
     ##        ##  ##     ## ##       ##     ##  ##   ##  ##       ##
     ######    ##  ########  ######   ########  #########  ######  ######
     ##        ##  ##    ##  ##       ##     ## ##     ##       ## ##
     ##       #### ##     ## ######## ########  ##     ##  ######  ########

You're about to initialize a Firebase project in this directory:

  C:\Users\Joaquin\Objetivo Desarrollo\Coderhouse\1er Proyecto Final - DelVal\proyecto-final-delval

[debug] [2022-04-29T20:37:09.807Z] <<< [apiv2][status] GET https://firebase-public.firebaseio.com/cli.json 200
[debug] [2022-04-29T20:37:09.807Z] <<< [apiv2][body] GET https://firebase-public.firebaseio.com/cli.json {"cloudBuildErrorAfter":1594252800000,"cloudBuildWarnAfter":1590019200000,"defaultNode10After":1594252800000,"minVersion":"3.0.5","node8DeploysDisabledAfter":1613390400000,"node8RuntimeDisabledAfter":1615809600000,"node8WarnAfter":1600128000000}
